[27-May-2025 14:14:14 Europe/Berlin] 

=== بدء طلب إنشاء منشور جديد ===

[27-May-2025 14:14:14 Europe/Berlin] URL: /WEP/api/create_post.php
[27-May-2025 14:14:14 Europe/Berlin] Method: POST
[27-May-2025 14:14:14 Europe/Berlin] POST params: ["content","action","csrf_token"]
[27-May-2025 14:14:14 Europe/Berlin] FILES params: ["image","video"]
[27-May-2025 14:14:15 Europe/Berlin] 

=== بدء طلب إنشاء منشور جديد ===

[27-May-2025 14:14:15 Europe/Berlin] URL: /WEP/api/create_post.php
[27-May-2025 14:14:15 Europe/Berlin] Method: POST
[27-May-2025 14:14:15 Europe/Berlin] POST params: ["content","action","csrf_token"]
[27-May-2025 14:14:15 Europe/Berlin] FILES params: ["image","video"]
[27-May-2025 14:14:15 Europe/Berlin] 

=== بدء طلب إنشاء منشور جديد ===

[27-May-2025 14:14:15 Europe/Berlin] URL: /WEP/api/create_post.php
[27-May-2025 14:14:15 Europe/Berlin] Method: POST
[27-May-2025 14:14:15 Europe/Berlin] POST params: ["content","action","csrf_token"]
[27-May-2025 14:14:15 Europe/Berlin] FILES params: ["image","video"]
[27-May-2025 14:14:16 Europe/Berlin] 

=== بدء طلب إنشاء منشور جديد ===

[27-May-2025 14:14:16 Europe/Berlin] URL: /WEP/api/create_post.php
[27-May-2025 14:14:16 Europe/Berlin] Method: POST
[27-May-2025 14:14:16 Europe/Berlin] POST params: ["content","action","csrf_token"]
[27-May-2025 14:14:16 Europe/Berlin] FILES params: ["image","video"]
[27-May-2025 14:14:16 Europe/Berlin] 

=== بدء طلب إنشاء منشور جديد ===

[27-May-2025 14:14:16 Europe/Berlin] URL: /WEP/api/create_post.php
[27-May-2025 14:14:16 Europe/Berlin] Method: POST
[27-May-2025 14:14:16 Europe/Berlin] POST params: ["content","action","csrf_token"]
[27-May-2025 14:14:16 Europe/Berlin] FILES params: ["image","video"]
[27-May-2025 14:14:16 Europe/Berlin] 

=== بدء طلب إنشاء منشور جديد ===

[27-May-2025 14:14:16 Europe/Berlin] URL: /WEP/api/create_post.php
[27-May-2025 14:14:16 Europe/Berlin] Method: POST
[27-May-2025 14:14:16 Europe/Berlin] POST params: ["content","action","csrf_token"]
[27-May-2025 14:14:16 Europe/Berlin] FILES params: ["image","video"]
[27-May-2025 14:14:21 Europe/Berlin] 

=== بدء طلب إنشاء منشور جديد ===

[27-May-2025 14:14:21 Europe/Berlin] URL: /WEP/api/create_post.php
[27-May-2025 14:14:21 Europe/Berlin] Method: POST
[27-May-2025 14:14:21 Europe/Berlin] POST params: ["content","action","csrf_token"]
[27-May-2025 14:14:21 Europe/Berlin] FILES params: ["image","video"]
