[27-May-2025 14:09:20 Europe/Berlin] 

=== بدء طلب API جديد ===

[27-May-2025 14:09:20 Europe/Berlin] URL: /WEP/api/get_posts.php?action=create_post
[27-May-2025 14:09:20 Europe/Berlin] Method: POST
[27-May-2025 14:09:20 Europe/Berlin] GET params: {"action":"create_post"}
[27-May-2025 14:09:20 Europe/Berlin] POST params: ["content","action"]
[27-May-2025 14:09:20 Europe/Berlin] FILES params: ["image","video"]
[27-May-2025 14:14:14 Europe/Berlin] 

=== بدء طلب API جديد ===

[27-May-2025 14:14:14 Europe/Berlin] URL: /WEP/api/get_posts.php?action=create_post
[27-May-2025 14:14:14 Europe/Berlin] Method: POST
[27-May-2025 14:14:14 Europe/Berlin] GET params: {"action":"create_post"}
[27-May-2025 14:14:14 Europe/Berlin] POST params: ["content","action","csrf_token"]
[27-May-2025 14:14:14 Europe/Berlin] FILES params: ["image","video"]
[27-May-2025 14:14:15 Europe/Berlin] 

=== بدء طلب API جديد ===

[27-May-2025 14:14:15 Europe/Berlin] URL: /WEP/api/get_posts.php?action=create_post
[27-May-2025 14:14:15 Europe/Berlin] Method: POST
[27-May-2025 14:14:15 Europe/Berlin] GET params: {"action":"create_post"}
[27-May-2025 14:14:15 Europe/Berlin] POST params: ["content","action","csrf_token"]
[27-May-2025 14:14:15 Europe/Berlin] FILES params: ["image","video"]
[27-May-2025 14:14:15 Europe/Berlin] 

=== بدء طلب API جديد ===

[27-May-2025 14:14:15 Europe/Berlin] URL: /WEP/api/get_posts.php?action=create_post
[27-May-2025 14:14:15 Europe/Berlin] Method: POST
[27-May-2025 14:14:15 Europe/Berlin] GET params: {"action":"create_post"}
[27-May-2025 14:14:15 Europe/Berlin] POST params: ["content","action","csrf_token"]
[27-May-2025 14:14:15 Europe/Berlin] FILES params: ["image","video"]
[27-May-2025 14:14:16 Europe/Berlin] 

=== بدء طلب API جديد ===

[27-May-2025 14:14:16 Europe/Berlin] URL: /WEP/api/get_posts.php?action=create_post
[27-May-2025 14:14:16 Europe/Berlin] Method: POST
[27-May-2025 14:14:16 Europe/Berlin] GET params: {"action":"create_post"}
[27-May-2025 14:14:16 Europe/Berlin] POST params: ["content","action","csrf_token"]
[27-May-2025 14:14:16 Europe/Berlin] FILES params: ["image","video"]
[27-May-2025 14:14:16 Europe/Berlin] 

=== بدء طلب API جديد ===

[27-May-2025 14:14:16 Europe/Berlin] URL: /WEP/api/get_posts.php?action=create_post
[27-May-2025 14:14:16 Europe/Berlin] Method: POST
[27-May-2025 14:14:16 Europe/Berlin] GET params: {"action":"create_post"}
[27-May-2025 14:14:16 Europe/Berlin] POST params: ["content","action","csrf_token"]
[27-May-2025 14:14:16 Europe/Berlin] FILES params: ["image","video"]
[27-May-2025 14:14:16 Europe/Berlin] 

=== بدء طلب API جديد ===

[27-May-2025 14:14:16 Europe/Berlin] URL: /WEP/api/get_posts.php?action=create_post
[27-May-2025 14:14:16 Europe/Berlin] Method: POST
[27-May-2025 14:14:16 Europe/Berlin] GET params: {"action":"create_post"}
[27-May-2025 14:14:16 Europe/Berlin] POST params: ["content","action","csrf_token"]
[27-May-2025 14:14:16 Europe/Berlin] FILES params: ["image","video"]
[27-May-2025 14:14:21 Europe/Berlin] 

=== بدء طلب API جديد ===

[27-May-2025 14:14:21 Europe/Berlin] URL: /WEP/api/get_posts.php?action=create_post
[27-May-2025 14:14:21 Europe/Berlin] Method: POST
[27-May-2025 14:14:21 Europe/Berlin] GET params: {"action":"create_post"}
[27-May-2025 14:14:21 Europe/Berlin] POST params: ["content","action","csrf_token"]
[27-May-2025 14:14:21 Europe/Berlin] FILES params: ["image","video"]
