[27-May-2025 14:18:32 Europe/Berlin] 

=== بدء طلب إنشاء منشور جديد (النسخة المبسطة) ===

[27-May-2025 14:18:32 Europe/Berlin] URL: /WEP/api/simple_create_post.php
[27-May-2025 14:18:32 Europe/Berlin] Method: POST
[27-May-2025 14:18:32 Europe/Berlin] POST params: ["content","action"]
[27-May-2025 14:18:32 Europe/Berlin] FILES params: ["image","video"]
[27-May-2025 14:18:39 Europe/Berlin] 

=== بدء طلب إنشاء منشور جديد (النسخة المبسطة) ===

[27-May-2025 14:18:39 Europe/Berlin] URL: /WEP/api/simple_create_post.php
[27-May-2025 14:18:39 Europe/Berlin] Method: POST
[27-May-2025 14:18:39 Europe/Berlin] POST params: ["content","action"]
[27-May-2025 14:18:39 Europe/Berlin] FILES params: ["image","video"]
[27-May-2025 14:18:56 Europe/Berlin] 

=== بدء طلب إنشاء منشور جديد (النسخة المبسطة) ===

[27-May-2025 14:18:56 Europe/Berlin] URL: /WEP/api/simple_create_post.php
[27-May-2025 14:18:56 Europe/Berlin] Method: POST
[27-May-2025 14:18:56 Europe/Berlin] POST params: ["content","action"]
[27-May-2025 14:18:56 Europe/Berlin] FILES params: ["image","video"]
[27-May-2025 14:19:14 Europe/Berlin] 

=== بدء طلب إنشاء منشور جديد (النسخة المبسطة) ===

[27-May-2025 14:19:14 Europe/Berlin] URL: /WEP/api/simple_create_post.php
[27-May-2025 14:19:14 Europe/Berlin] Method: POST
[27-May-2025 14:19:14 Europe/Berlin] POST params: ["content","action"]
[27-May-2025 14:19:14 Europe/Berlin] FILES params: ["image","video"]
[27-May-2025 23:55:57 Europe/Berlin] 

=== بدء طلب إنشاء منشور جديد (النسخة المبسطة) ===

[27-May-2025 23:55:57 Europe/Berlin] URL: /WEP/api/simple_create_post.php
[27-May-2025 23:55:57 Europe/Berlin] Method: POST
[27-May-2025 23:55:57 Europe/Berlin] POST params: ["content","action"]
[27-May-2025 23:55:57 Europe/Berlin] FILES params: ["image","video"]
[28-May-2025 11:13:40 Europe/Berlin] 

=== بدء طلب إنشاء منشور جديد (النسخة المبسطة) ===

[28-May-2025 11:13:40 Europe/Berlin] URL: /WEP/api/simple_create_post.php
[28-May-2025 11:13:40 Europe/Berlin] Method: POST
[28-May-2025 11:13:40 Europe/Berlin] POST params: ["content","action"]
[28-May-2025 11:13:40 Europe/Berlin] FILES params: ["image","video"]
